<?xml version="1.0" encoding="UTF-8"?>
<!-- Generated by org.testng.reporters.JUnitXMLReporter -->
<testsuite hostname="LAPTOP-U480KQB7" name="Test_chrome_windows" tests="20" failures="1" timestamp="18 Apr 2016 02:05:17 GMT" time="0.102" errors="0">
  <testcase name="@AfterMethod handleScreenShot" time="0.0" classname="com.priceline.regressionSuite.Test0012_VerifyPriceLineMyTripHoverAndClickOnCheckYourFlightStatus">
    <failure type="java.lang.NullPointerException">
      <![CDATA[java.lang.NullPointerException
	at com.priceline.utilities.WebDriverActivity.captureScreenShot(WebDriverActivity.java:212)
	at com.priceline.utilities.WebDriverActivity.handleScreenShot(WebDriverActivity.java:151)
... Removed 29 stack frames]]>
    </failure>
  </testcase> <!-- @AfterMethod handleScreenShot -->
  <testcase name="@AfterMethod handleScreenShot" time="0.0" classname="com.priceline.regressionSuite.Test0019_VerifyPriceLineHelpHoverAndClickOnProfilePasswordHelp">
    <skipped/>
  </testcase> <!-- @AfterMethod handleScreenShot -->
  <testcase name="@AfterMethod handleScreenShot" time="0.0" classname="com.priceline.regressionSuite.Test0020_VerifyPriceLineHelpHoverAndClickOnContactUs">
    <skipped/>
  </testcase> <!-- @AfterMethod handleScreenShot -->
  <testcase name="@AfterMethod handleScreenShot" time="0.0" classname="com.priceline.regressionSuite.Test0015_VerifyPriceLineHelpLinkMouseHover">
    <skipped/>
  </testcase> <!-- @AfterMethod handleScreenShot -->
  <testcase name="@AfterMethod handleScreenShot" time="0.0" classname="com.priceline.regressionSuite.Test0013_VerifyPriceLineMyTripHoverAndClickOnViewPrintorEmailYourItinerary">
    <skipped/>
  </testcase> <!-- @AfterMethod handleScreenShot -->
  <testcase name="@AfterMethod handleScreenShot" time="0.0" classname="com.priceline.regressionSuite.Test0017_VerifyPriceLineHelpHoverAndClickOnFrequentlyAskedQuestions">
    <skipped/>
  </testcase> <!-- @AfterMethod handleScreenShot -->
  <testcase name="@AfterMethod handleScreenShot" time="0.0" classname="com.priceline.regressionSuite.Tc001_VerifyPriceLineDotcomLink">
    <skipped/>
  </testcase> <!-- @AfterMethod handleScreenShot -->
  <testcase name="@AfterMethod handleScreenShot" time="0.0" classname="com.priceline.regressionSuite.Test003_VerifyPriceLineHotelLink">
    <skipped/>
  </testcase> <!-- @AfterMethod handleScreenShot -->
  <testcase name="@AfterMethod handleScreenShot" time="0.0" classname="com.priceline.regressionSuite.Test0016_VerifyPriceLineHelpHoverAndClickOnSelfServiceLink">
    <skipped/>
  </testcase> <!-- @AfterMethod handleScreenShot -->
  <testcase name="@AfterMethod handleScreenShot" time="0.0" classname="com.priceline.regressionSuite.Test0010_VerifyPriceLineMyTripsLinkMouseHover">
    <skipped/>
  </testcase> <!-- @AfterMethod handleScreenShot -->
  <testcase name="@AfterMethod handleScreenShot" time="0.0" classname="com.priceline.regressionSuite.Tc006_VerifyPrichLineCruisesLink">
    <skipped/>
  </testcase> <!-- @AfterMethod handleScreenShot -->
  <testcase name="@AfterMethod handleScreenShot" time="0.0" classname="com.priceline.regressionSuite.Test008_VerifyPriceLineSignInLinkClick">
    <skipped/>
  </testcase> <!-- @AfterMethod handleScreenShot -->
  <testcase name="@AfterMethod handleScreenShot" time="0.0" classname="com.priceline.regressionSuite.Test0018_VerifyPriceLineHelpHoverAndClickOnFindYourRequestNumber">
    <skipped/>
  </testcase> <!-- @AfterMethod handleScreenShot -->
  <testcase name="@AfterMethod handleScreenShot" time="0.0" classname="com.priceline.regressionSuite.Test002_VerifyPriceLineCarLink">
    <skipped/>
  </testcase> <!-- @AfterMethod handleScreenShot -->
  <testcase name="@AfterMethod handleScreenShot" time="0.0" classname="com.priceline.regressionSuite.Test009_VerifyPriceLineRegisterLink">
    <skipped/>
  </testcase> <!-- @AfterMethod handleScreenShot -->
  <testcase name="@AfterMethod handleScreenShot" time="0.0" classname="com.priceline.regressionSuite.Tc005_VerifyPrichLinePackagesLink">
    <skipped/>
  </testcase> <!-- @AfterMethod handleScreenShot -->
  <testcase name="@AfterMethod handleScreenShot" time="0.0" classname="com.priceline.regressionSuite.Test0011_VerifyPriceLineMyTripHoverAndClickOnMyProfileLink">
    <skipped/>
  </testcase> <!-- @AfterMethod handleScreenShot -->
  <testcase name="@AfterMethod handleScreenShot" time="0.0" classname="com.priceline.regressionSuite.Tc004_VerifyPrichLineFlightsLink">
    <skipped/>
  </testcase> <!-- @AfterMethod handleScreenShot -->
  <testcase name="@AfterMethod handleScreenShot" time="0.0" classname="com.priceline.regressionSuite.Test007_VerifyPriceLineSignInLinkMouseHover">
    <skipped/>
  </testcase> <!-- @AfterMethod handleScreenShot -->
  <testcase name="@AfterMethod handleScreenShot" time="0.0" classname="com.priceline.regressionSuite.Test0014_VerifyPriceLineMyTripHoverAndClickOnCheckYourRequestStatus">
    <skipped/>
  </testcase> <!-- @AfterMethod handleScreenShot -->
  <testcase name="verifySignInLink" time="0.005" classname="com.priceline.regressionSuite.Test0012_VerifyPriceLineMyTripHoverAndClickOnCheckYourFlightStatus">
    <failure type="java.lang.NullPointerException">
      <![CDATA[java.lang.NullPointerException
	at org.openqa.selenium.interactions.Actions.<init>(Actions.java:44)
	at com.priceline.pricelinePages.LandingPage.clickOnCheckYourFlightStatus(LandingPage.java:111)
	at com.priceline.regressionSuite.Test0012_VerifyPriceLineMyTripHoverAndClickOnCheckYourFlightStatus.verifySignInLink(Test0012_VerifyPriceLineMyTripHoverAndClickOnCheckYourFlightStatus.java:16)
... Removed 27 stack frames]]>
    </failure>
  </testcase> <!-- verifySignInLink -->
  <testcase name="verifySignInLink" time="0.0" classname="com.priceline.regressionSuite.Test0019_VerifyPriceLineHelpHoverAndClickOnProfilePasswordHelp">
    <skipped/>
  </testcase> <!-- verifySignInLink -->
  <testcase name="verifySignInLink" time="0.0" classname="com.priceline.regressionSuite.Test0020_VerifyPriceLineHelpHoverAndClickOnContactUs">
    <skipped/>
  </testcase> <!-- verifySignInLink -->
  <testcase name="verifySignInLink" time="0.0" classname="com.priceline.regressionSuite.Test0015_VerifyPriceLineHelpLinkMouseHover">
    <skipped/>
  </testcase> <!-- verifySignInLink -->
  <testcase name="verifySignInLink" time="0.0" classname="com.priceline.regressionSuite.Test0013_VerifyPriceLineMyTripHoverAndClickOnViewPrintorEmailYourItinerary">
    <skipped/>
  </testcase> <!-- verifySignInLink -->
  <testcase name="verifySignInLink" time="0.0" classname="com.priceline.regressionSuite.Test0017_VerifyPriceLineHelpHoverAndClickOnFrequentlyAskedQuestions">
    <skipped/>
  </testcase> <!-- verifySignInLink -->
  <testcase name="verifyPricelinecomLink" time="0.001" classname="com.priceline.regressionSuite.Tc001_VerifyPriceLineDotcomLink">
    <skipped/>
  </testcase> <!-- verifyPricelinecomLink -->
  <testcase name="verifyPricelinecomLink" time="0.0" classname="com.priceline.regressionSuite.Test003_VerifyPriceLineHotelLink">
    <skipped/>
  </testcase> <!-- verifyPricelinecomLink -->
  <testcase name="verifySignInLink" time="0.0" classname="com.priceline.regressionSuite.Test0016_VerifyPriceLineHelpHoverAndClickOnSelfServiceLink">
    <skipped/>
  </testcase> <!-- verifySignInLink -->
  <testcase name="verifySignInLink" time="0.001" classname="com.priceline.regressionSuite.Test0010_VerifyPriceLineMyTripsLinkMouseHover">
    <skipped/>
  </testcase> <!-- verifySignInLink -->
  <testcase name="verifyPricelinecomLink" time="0.0" classname="com.priceline.regressionSuite.Tc006_VerifyPrichLineCruisesLink">
    <skipped/>
  </testcase> <!-- verifyPricelinecomLink -->
  <testcase name="verifySignInLink" time="0.0" classname="com.priceline.regressionSuite.Test008_VerifyPriceLineSignInLinkClick">
    <skipped/>
  </testcase> <!-- verifySignInLink -->
  <testcase name="verifySignInLink" time="0.0" classname="com.priceline.regressionSuite.Test0018_VerifyPriceLineHelpHoverAndClickOnFindYourRequestNumber">
    <skipped/>
  </testcase> <!-- verifySignInLink -->
  <testcase name="verifyPricelinecomLink" time="0.0" classname="com.priceline.regressionSuite.Test002_VerifyPriceLineCarLink">
    <skipped/>
  </testcase> <!-- verifyPricelinecomLink -->
  <testcase name="verifySignInLink" time="0.001" classname="com.priceline.regressionSuite.Test009_VerifyPriceLineRegisterLink">
    <skipped/>
  </testcase> <!-- verifySignInLink -->
  <testcase name="verifyPricelinecomLink" time="0.001" classname="com.priceline.regressionSuite.Tc005_VerifyPrichLinePackagesLink">
    <skipped/>
  </testcase> <!-- verifyPricelinecomLink -->
  <testcase name="verifySignInLink" time="0.0" classname="com.priceline.regressionSuite.Test0011_VerifyPriceLineMyTripHoverAndClickOnMyProfileLink">
    <skipped/>
  </testcase> <!-- verifySignInLink -->
  <testcase name="verifyPricelinecomLink" time="0.001" classname="com.priceline.regressionSuite.Tc004_VerifyPrichLineFlightsLink">
    <skipped/>
  </testcase> <!-- verifyPricelinecomLink -->
  <testcase name="verifySignInLink" time="0.001" classname="com.priceline.regressionSuite.Test007_VerifyPriceLineSignInLinkMouseHover">
    <skipped/>
  </testcase> <!-- verifySignInLink -->
  <testcase name="verifySignInLink" time="0.001" classname="com.priceline.regressionSuite.Test0014_VerifyPriceLineMyTripHoverAndClickOnCheckYourRequestStatus">
    <skipped/>
  </testcase> <!-- verifySignInLink -->
</testsuite> <!-- Test_chrome_windows -->
