<?xml version="1.0" encoding="UTF-8"?>
<!-- Generated by org.testng.reporters.JUnitReportReporter -->
<testsuite hostname="LAPTOP-U480KQB7" name="com.priceline.regressionSuite.Tc004_VerifyPrichLineFlightsLink" tests="1" failures="0" timestamp="11 Apr 2016 04:40:25 GMT" time="0.001" errors="1">
  <testcase name="verifyPricelinecomLink" time="0.001" classname="com.priceline.regressionSuite.Tc004_VerifyPrichLineFlightsLink">
    <error type="org.openqa.selenium.UnsupportedCommandException" message="ERROR Unable to execute command due to internal server failure
Command duration or timeout: 94 milliseconds
Build info: version: &#039;2.52.0&#039;, revision: &#039;4c2593c&#039;, time: &#039;2016-02-11 19:06:42&#039;
System info: host: &#039;LAPTOP-U480KQB7&#039;, ip: &#039;192.168.1.184&#039;, os.name: &#039;Windows 10&#039;, os.arch: &#039;amd64&#039;, os.version: &#039;10.0&#039;, java.version: &#039;1.8.0_73&#039;
Driver info: org.openqa.selenium.remote.RemoteWebDriver
Capabilities [{nativeEvents=true, webdriver.remote.sessionid=58d6736cb1a04482a4eb94f644c142e8, takesScreenshot=true, browserName=firefox, javascriptEnabled=true, hasMetadata=true, handlesAlerts=true, version=5.0.1, cssSelectorsEnabled=true, platform=XP}]
Session ID: 58d6736cb1a04482a4eb94f644c142e8">
      <![CDATA[org.openqa.selenium.UnsupportedCommandException: ERROR Unable to execute command due to internal server failure
Command duration or timeout: 94 milliseconds
Build info: version: '2.52.0', revision: '4c2593c', time: '2016-02-11 19:06:42'
System info: host: 'LAPTOP-U480KQB7', ip: '192.168.1.184', os.name: 'Windows 10', os.arch: 'amd64', os.version: '10.0', java.version: '1.8.0_73'
Driver info: org.openqa.selenium.remote.RemoteWebDriver
Capabilities [{nativeEvents=true, webdriver.remote.sessionid=58d6736cb1a04482a4eb94f644c142e8, takesScreenshot=true, browserName=firefox, javascriptEnabled=true, hasMetadata=true, handlesAlerts=true, version=5.0.1, cssSelectorsEnabled=true, platform=XP}]
Session ID: 58d6736cb1a04482a4eb94f644c142e8
	at sun.reflect.NativeConstructorAccessorImpl.newInstance0(Native Method)
	at sun.reflect.NativeConstructorAccessorImpl.newInstance(Unknown Source)
	at sun.reflect.DelegatingConstructorAccessorImpl.newInstance(Unknown Source)
	at java.lang.reflect.Constructor.newInstance(Unknown Source)
	at org.openqa.selenium.remote.ErrorHandler.createThrowable(ErrorHandler.java:206)
	at org.openqa.selenium.remote.ErrorHandler.throwIfResponseFailed(ErrorHandler.java:158)
	at org.openqa.selenium.remote.RemoteWebDriver.execute(RemoteWebDriver.java:678)
	at org.openqa.selenium.remote.RemoteWebDriver$RemoteWebDriverOptions$RemoteWindow.maximize(RemoteWebDriver.java:945)
	at com.priceline.utilities.WebDriverActivity.setUp(WebDriverActivity.java:113)
	at sun.reflect.NativeMethodAccessorImpl.invoke0(Native Method)
	at sun.reflect.NativeMethodAccessorImpl.invoke(Unknown Source)
	at sun.reflect.DelegatingMethodAccessorImpl.invoke(Unknown Source)
	at java.lang.reflect.Method.invoke(Unknown Source)
	at org.testng.internal.MethodInvocationHelper.invokeMethod(MethodInvocationHelper.java:86)
	at org.testng.internal.Invoker.invokeConfigurationMethod(Invoker.java:514)
	at org.testng.internal.Invoker.invokeConfigurations(Invoker.java:215)
	at org.testng.internal.Invoker.invokeConfigurations(Invoker.java:142)
	at org.testng.SuiteRunner.privateRun(SuiteRunner.java:305)
	at org.testng.SuiteRunner.run(SuiteRunner.java:268)
	at org.testng.SuiteRunnerWorker.runSuite(SuiteRunnerWorker.java:52)
	at org.testng.SuiteRunnerWorker.run(SuiteRunnerWorker.java:86)
	at org.testng.TestNG.runSuitesSequentially(TestNG.java:1244)
	at org.testng.TestNG.runSuitesLocally(TestNG.java:1169)
	at org.testng.TestNG.run(TestNG.java:1064)
	at org.testng.remote.RemoteTestNG.run(RemoteTestNG.java:113)
	at org.testng.remote.RemoteTestNG.initAndRun(RemoteTestNG.java:206)
	at org.testng.remote.RemoteTestNG.main(RemoteTestNG.java:177)
]]>
    </error>
  </testcase> <!-- verifyPricelinecomLink -->
</testsuite> <!-- com.priceline.regressionSuite.Tc004_VerifyPrichLineFlightsLink -->
